<?xml version="1.0" encoding="UTF-8"?>
<testsuite xmlns:xsi="http://www.w3.org/2001/XMLSchema-instance" xsi:noNamespaceSchemaLocation="https://maven.apache.org/surefire/maven-surefire-plugin/xsd/surefire-test-report.xsd" name="com.zhiyou100.rmlb.TestRedis" time="0.001" tests="1" errors="1" skipped="0" failures="0">
  <properties>
    <property name="sun.desktop" value="windows"/>
    <property name="awt.toolkit" value="sun.awt.windows.WToolkit"/>
    <property name="file.encoding.pkg" value="sun.io"/>
    <property name="java.specification.version" value="1.8"/>
    <property name="sun.cpu.isalist" value="amd64"/>
    <property name="sun.jnu.encoding" value="GBK"/>
    <property name="java.class.path" value="E:\springboot\rmlb-emall-sbt-parent\rmlb-emall-sbt-manager\rmlb-emall-sbt-service\target\test-classes;E:\springboot\rmlb-emall-sbt-parent\rmlb-emall-sbt-manager\rmlb-emall-sbt-service\target\classes;E:\springboot\rmlb-emall-sbt-parent\rmlb-emall-sbt-manager\rmlb-emall-sbt-dao\target\rmlb-emall-sbt-dao-1.0.0-SNAPSHOT.jar;E:\maven_4110\com\zhiyou100\rmlb-emall-sbt-common\1.0.0-SNAPSHOT\rmlb-emall-sbt-common-1.0.0-SNAPSHOT.jar;E:\maven_4110\com\fasterxml\jackson\core\jackson-databind\2.9.6\jackson-databind-2.9.6.jar;E:\maven_4110\com\fasterxml\jackson\core\jackson-annotations\2.9.0\jackson-annotations-2.9.0.jar;E:\maven_4110\org\csource\fastdfs-client-java\1.27-SNAPSHOT\fastdfs-client-java-1.27-SNAPSHOT.jar;E:\maven_4110\org\mybatis\mybatis\3.4.6\mybatis-3.4.6.jar;E:\maven_4110\org\mybatis\mybatis-spring\1.3.2\mybatis-spring-1.3.2.jar;E:\maven_4110\com\github\miemiedev\mybatis-paginator\1.2.17\mybatis-paginator-1.2.17.jar;E:\maven_4110\org\slf4j\slf4j-api\1.7.25\slf4j-api-1.7.25.jar;E:\maven_4110\com\github\pagehelper\pagehelper\5.1.4\pagehelper-5.1.4.jar;E:\maven_4110\com\github\jsqlparser\jsqlparser\1.0\jsqlparser-1.0.jar;E:\maven_4110\com\alibaba\druid\1.1.10\druid-1.1.10.jar;E:\springboot\rmlb-emall-sbt-parent\rmlb-emall-sbt-manager\rmlb-emall-sbt-api\target\rmlb-emall-sbt-api-1.0.0-SNAPSHOT.jar;E:\springboot\rmlb-emall-sbt-parent\rmlb-emall-sbt-manager\rmlb-emall-sbt-pojo\target\rmlb-emall-sbt-pojo-1.0.0-SNAPSHOT.jar;E:\maven_4110\org\springframework\boot\spring-boot-starter-web\2.0.3.RELEASE\spring-boot-starter-web-2.0.3.RELEASE.jar;E:\maven_4110\org\springframework\boot\spring-boot-starter\2.0.3.RELEASE\spring-boot-starter-2.0.3.RELEASE.jar;E:\maven_4110\org\springframework\boot\spring-boot\2.0.3.RELEASE\spring-boot-2.0.3.RELEASE.jar;E:\maven_4110\javax\annotation\javax.annotation-api\1.3.2\javax.annotation-api-1.3.2.jar;E:\maven_4110\org\springframework\boot\spring-boot-starter-json\2.0.3.RELEASE\spring-boot-starter-json-2.0.3.RELEASE.jar;E:\maven_4110\com\fasterxml\jackson\datatype\jackson-datatype-jdk8\2.9.6\jackson-datatype-jdk8-2.9.6.jar;E:\maven_4110\com\fasterxml\jackson\datatype\jackson-datatype-jsr310\2.9.6\jackson-datatype-jsr310-2.9.6.jar;E:\maven_4110\com\fasterxml\jackson\module\jackson-module-parameter-names\2.9.6\jackson-module-parameter-names-2.9.6.jar;E:\maven_4110\org\springframework\boot\spring-boot-starter-tomcat\2.0.3.RELEASE\spring-boot-starter-tomcat-2.0.3.RELEASE.jar;E:\maven_4110\org\apache\tomcat\embed\tomcat-embed-core\8.5.31\tomcat-embed-core-8.5.31.jar;E:\maven_4110\org\apache\tomcat\embed\tomcat-embed-websocket\8.5.31\tomcat-embed-websocket-8.5.31.jar;E:\maven_4110\org\hibernate\validator\hibernate-validator\6.0.10.Final\hibernate-validator-6.0.10.Final.jar;E:\maven_4110\javax\validation\validation-api\2.0.1.Final\validation-api-2.0.1.Final.jar;E:\maven_4110\org\jboss\logging\jboss-logging\3.3.2.Final\jboss-logging-3.3.2.Final.jar;E:\maven_4110\com\fasterxml\classmate\1.3.4\classmate-1.3.4.jar;E:\maven_4110\org\springframework\spring-web\5.0.7.RELEASE\spring-web-5.0.7.RELEASE.jar;E:\maven_4110\org\springframework\spring-beans\5.0.7.RELEASE\spring-beans-5.0.7.RELEASE.jar;E:\maven_4110\org\springframework\spring-webmvc\5.0.7.RELEASE\spring-webmvc-5.0.7.RELEASE.jar;E:\maven_4110\org\springframework\spring-aop\5.0.7.RELEASE\spring-aop-5.0.7.RELEASE.jar;E:\maven_4110\org\springframework\spring-expression\5.0.7.RELEASE\spring-expression-5.0.7.RELEASE.jar;E:\maven_4110\org\springframework\boot\spring-boot-starter-test\2.0.3.RELEASE\spring-boot-starter-test-2.0.3.RELEASE.jar;E:\maven_4110\org\springframework\boot\spring-boot-test\2.0.3.RELEASE\spring-boot-test-2.0.3.RELEASE.jar;E:\maven_4110\org\springframework\boot\spring-boot-test-autoconfigure\2.0.3.RELEASE\spring-boot-test-autoconfigure-2.0.3.RELEASE.jar;E:\maven_4110\com\jayway\jsonpath\json-path\2.4.0\json-path-2.4.0.jar;E:\maven_4110\net\minidev\json-smart\2.3\json-smart-2.3.jar;E:\maven_4110\net\minidev\accessors-smart\1.2\accessors-smart-1.2.jar;E:\maven_4110\org\ow2\asm\asm\5.0.4\asm-5.0.4.jar;E:\maven_4110\junit\junit\4.12\junit-4.12.jar;E:\maven_4110\org\assertj\assertj-core\3.9.1\assertj-core-3.9.1.jar;E:\maven_4110\org\mockito\mockito-core\2.15.0\mockito-core-2.15.0.jar;E:\maven_4110\net\bytebuddy\byte-buddy\1.7.11\byte-buddy-1.7.11.jar;E:\maven_4110\net\bytebuddy\byte-buddy-agent\1.7.11\byte-buddy-agent-1.7.11.jar;E:\maven_4110\org\objenesis\objenesis\2.6\objenesis-2.6.jar;E:\maven_4110\org\hamcrest\hamcrest-core\1.3\hamcrest-core-1.3.jar;E:\maven_4110\org\hamcrest\hamcrest-library\1.3\hamcrest-library-1.3.jar;E:\maven_4110\org\skyscreamer\jsonassert\1.5.0\jsonassert-1.5.0.jar;E:\maven_4110\com\vaadin\external\google\android-json\0.0.20131108.vaadin1\android-json-0.0.20131108.vaadin1.jar;E:\maven_4110\org\springframework\spring-core\5.0.7.RELEASE\spring-core-5.0.7.RELEASE.jar;E:\maven_4110\org\springframework\spring-jcl\5.0.7.RELEASE\spring-jcl-5.0.7.RELEASE.jar;E:\maven_4110\org\springframework\spring-test\5.0.7.RELEASE\spring-test-5.0.7.RELEASE.jar;E:\maven_4110\org\xmlunit\xmlunit-core\2.5.1\xmlunit-core-2.5.1.jar;E:\maven_4110\org\springframework\boot\spring-boot-configuration-processor\2.0.3.RELEASE\spring-boot-configuration-processor-2.0.3.RELEASE.jar;E:\maven_4110\org\springframework\boot\spring-boot-starter-validation\2.0.3.RELEASE\spring-boot-starter-validation-2.0.3.RELEASE.jar;E:\maven_4110\org\apache\tomcat\embed\tomcat-embed-el\8.5.31\tomcat-embed-el-8.5.31.jar;E:\maven_4110\mysql\mysql-connector-java\5.1.46\mysql-connector-java-5.1.46.jar;E:\maven_4110\org\springframework\boot\spring-boot-starter-cache\2.0.3.RELEASE\spring-boot-starter-cache-2.0.3.RELEASE.jar;E:\maven_4110\org\springframework\spring-context\5.0.7.RELEASE\spring-context-5.0.7.RELEASE.jar;E:\maven_4110\org\springframework\spring-context-support\5.0.7.RELEASE\spring-context-support-5.0.7.RELEASE.jar;E:\maven_4110\org\springframework\boot\spring-boot-starter-data-redis\2.0.3.RELEASE\spring-boot-starter-data-redis-2.0.3.RELEASE.jar;E:\maven_4110\org\springframework\data\spring-data-redis\2.0.8.RELEASE\spring-data-redis-2.0.8.RELEASE.jar;E:\maven_4110\org\springframework\data\spring-data-keyvalue\2.0.8.RELEASE\spring-data-keyvalue-2.0.8.RELEASE.jar;E:\maven_4110\org\springframework\data\spring-data-commons\2.0.8.RELEASE\spring-data-commons-2.0.8.RELEASE.jar;E:\maven_4110\org\springframework\spring-tx\5.0.7.RELEASE\spring-tx-5.0.7.RELEASE.jar;E:\maven_4110\org\springframework\spring-oxm\5.0.7.RELEASE\spring-oxm-5.0.7.RELEASE.jar;E:\maven_4110\io\lettuce\lettuce-core\5.0.4.RELEASE\lettuce-core-5.0.4.RELEASE.jar;E:\maven_4110\io\projectreactor\reactor-core\3.1.8.RELEASE\reactor-core-3.1.8.RELEASE.jar;E:\maven_4110\org\reactivestreams\reactive-streams\1.0.2\reactive-streams-1.0.2.jar;E:\maven_4110\io\netty\netty-common\4.1.25.Final\netty-common-4.1.25.Final.jar;E:\maven_4110\io\netty\netty-transport\4.1.25.Final\netty-transport-4.1.25.Final.jar;E:\maven_4110\io\netty\netty-buffer\4.1.25.Final\netty-buffer-4.1.25.Final.jar;E:\maven_4110\io\netty\netty-resolver\4.1.25.Final\netty-resolver-4.1.25.Final.jar;E:\maven_4110\io\netty\netty-handler\4.1.25.Final\netty-handler-4.1.25.Final.jar;E:\maven_4110\io\netty\netty-codec\4.1.25.Final\netty-codec-4.1.25.Final.jar;E:\maven_4110\org\apache\commons\commons-pool2\2.5.0\commons-pool2-2.5.0.jar;E:\maven_4110\org\mybatis\spring\boot\mybatis-spring-boot-starter\1.3.2\mybatis-spring-boot-starter-1.3.2.jar;E:\maven_4110\org\springframework\boot\spring-boot-starter-jdbc\2.0.3.RELEASE\spring-boot-starter-jdbc-2.0.3.RELEASE.jar;E:\maven_4110\com\zaxxer\HikariCP\2.7.9\HikariCP-2.7.9.jar;E:\maven_4110\org\springframework\spring-jdbc\5.0.7.RELEASE\spring-jdbc-5.0.7.RELEASE.jar;E:\maven_4110\org\mybatis\spring\boot\mybatis-spring-boot-autoconfigure\1.3.2\mybatis-spring-boot-autoconfigure-1.3.2.jar;E:\maven_4110\com\alibaba\druid-spring-boot-starter\1.1.10\druid-spring-boot-starter-1.1.10.jar;E:\maven_4110\org\springframework\boot\spring-boot-autoconfigure\2.0.3.RELEASE\spring-boot-autoconfigure-2.0.3.RELEASE.jar;E:\maven_4110\com\github\pagehelper\pagehelper-spring-boot-starter\1.2.5\pagehelper-spring-boot-starter-1.2.5.jar;E:\maven_4110\com\github\pagehelper\pagehelper-spring-boot-autoconfigure\1.2.5\pagehelper-spring-boot-autoconfigure-1.2.5.jar;E:\maven_4110\com\gitee\reger\spring-boot-starter-dubbo\1.1.1\spring-boot-starter-dubbo-1.1.1.jar;E:\maven_4110\org\slf4j\log4j-over-slf4j\1.7.25\log4j-over-slf4j-1.7.25.jar;E:\maven_4110\org\springframework\boot\spring-boot-starter-logging\2.0.3.RELEASE\spring-boot-starter-logging-2.0.3.RELEASE.jar;E:\maven_4110\ch\qos\logback\logback-classic\1.2.3\logback-classic-1.2.3.jar;E:\maven_4110\ch\qos\logback\logback-core\1.2.3\logback-core-1.2.3.jar;E:\maven_4110\org\apache\logging\log4j\log4j-to-slf4j\2.10.0\log4j-to-slf4j-2.10.0.jar;E:\maven_4110\com\101tec\zkclient\0.5\zkclient-0.5.jar;E:\maven_4110\org\apache\zookeeper\zookeeper\3.4.3\zookeeper-3.4.3.jar;E:\maven_4110\jline\jline\0.9.94\jline-0.9.94.jar;E:\maven_4110\com\alibaba\dubbo\2.5.10\dubbo-2.5.10.jar;E:\maven_4110\org\javassist\javassist\3.20.0-GA\javassist-3.20.0-GA.jar;E:\maven_4110\org\jboss\netty\netty\3.2.5.Final\netty-3.2.5.Final.jar;E:\maven_4110\org\springframework\boot\spring-boot-starter-log4j2\2.0.3.RELEASE\spring-boot-starter-log4j2-2.0.3.RELEASE.jar;E:\maven_4110\org\apache\logging\log4j\log4j-core\2.10.0\log4j-core-2.10.0.jar;E:\maven_4110\org\apache\logging\log4j\log4j-api\2.10.0\log4j-api-2.10.0.jar;E:\maven_4110\org\apache\logging\log4j\log4j-jul\2.10.0\log4j-jul-2.10.0.jar;E:\maven_4110\org\slf4j\jul-to-slf4j\1.7.25\jul-to-slf4j-1.7.25.jar;E:\maven_4110\com\fasterxml\jackson\dataformat\jackson-dataformat-yaml\2.9.6\jackson-dataformat-yaml-2.9.6.jar;E:\maven_4110\org\yaml\snakeyaml\1.19\snakeyaml-1.19.jar;E:\maven_4110\com\fasterxml\jackson\core\jackson-core\2.9.6\jackson-core-2.9.6.jar;"/>
    <property name="java.vm.vendor" value="Oracle Corporation"/>
    <property name="sun.arch.data.model" value="64"/>
    <property name="user.variant" value=""/>
    <property name="java.vendor.url" value="http://java.oracle.com/"/>
    <property name="user.timezone" value=""/>
    <property name="java.vm.specification.version" value="1.8"/>
    <property name="os.name" value="Windows 10"/>
    <property name="user.country" value="CN"/>
    <property name="sun.java.launcher" value="SUN_STANDARD"/>
    <property name="sun.boot.library.path" value="F:\Program Files\Java\jdk1.8.0_161\jre\bin"/>
    <property name="sun.java.command" value="C:\Users\ADMINI~1\AppData\Local\Temp\surefire1291282583231692414\surefirebooter3508340288702369608.jar C:\Users\Administrator\AppData\Local\Temp\surefire1291282583231692414 2018-08-24T16-31-30_512-jvmRun1 surefire346430608352048186tmp surefire_046934541134317506tmp"/>
    <property name="surefire.test.class.path" value="E:\springboot\rmlb-emall-sbt-parent\rmlb-emall-sbt-manager\rmlb-emall-sbt-service\target\test-classes;E:\springboot\rmlb-emall-sbt-parent\rmlb-emall-sbt-manager\rmlb-emall-sbt-service\target\classes;E:\springboot\rmlb-emall-sbt-parent\rmlb-emall-sbt-manager\rmlb-emall-sbt-dao\target\rmlb-emall-sbt-dao-1.0.0-SNAPSHOT.jar;E:\maven_4110\com\zhiyou100\rmlb-emall-sbt-common\1.0.0-SNAPSHOT\rmlb-emall-sbt-common-1.0.0-SNAPSHOT.jar;E:\maven_4110\com\fasterxml\jackson\core\jackson-databind\2.9.6\jackson-databind-2.9.6.jar;E:\maven_4110\com\fasterxml\jackson\core\jackson-annotations\2.9.0\jackson-annotations-2.9.0.jar;E:\maven_4110\org\csource\fastdfs-client-java\1.27-SNAPSHOT\fastdfs-client-java-1.27-SNAPSHOT.jar;E:\maven_4110\org\mybatis\mybatis\3.4.6\mybatis-3.4.6.jar;E:\maven_4110\org\mybatis\mybatis-spring\1.3.2\mybatis-spring-1.3.2.jar;E:\maven_4110\com\github\miemiedev\mybatis-paginator\1.2.17\mybatis-paginator-1.2.17.jar;E:\maven_4110\org\slf4j\slf4j-api\1.7.25\slf4j-api-1.7.25.jar;E:\maven_4110\com\github\pagehelper\pagehelper\5.1.4\pagehelper-5.1.4.jar;E:\maven_4110\com\github\jsqlparser\jsqlparser\1.0\jsqlparser-1.0.jar;E:\maven_4110\com\alibaba\druid\1.1.10\druid-1.1.10.jar;E:\springboot\rmlb-emall-sbt-parent\rmlb-emall-sbt-manager\rmlb-emall-sbt-api\target\rmlb-emall-sbt-api-1.0.0-SNAPSHOT.jar;E:\springboot\rmlb-emall-sbt-parent\rmlb-emall-sbt-manager\rmlb-emall-sbt-pojo\target\rmlb-emall-sbt-pojo-1.0.0-SNAPSHOT.jar;E:\maven_4110\org\springframework\boot\spring-boot-starter-web\2.0.3.RELEASE\spring-boot-starter-web-2.0.3.RELEASE.jar;E:\maven_4110\org\springframework\boot\spring-boot-starter\2.0.3.RELEASE\spring-boot-starter-2.0.3.RELEASE.jar;E:\maven_4110\org\springframework\boot\spring-boot\2.0.3.RELEASE\spring-boot-2.0.3.RELEASE.jar;E:\maven_4110\javax\annotation\javax.annotation-api\1.3.2\javax.annotation-api-1.3.2.jar;E:\maven_4110\org\springframework\boot\spring-boot-starter-json\2.0.3.RELEASE\spring-boot-starter-json-2.0.3.RELEASE.jar;E:\maven_4110\com\fasterxml\jackson\datatype\jackson-datatype-jdk8\2.9.6\jackson-datatype-jdk8-2.9.6.jar;E:\maven_4110\com\fasterxml\jackson\datatype\jackson-datatype-jsr310\2.9.6\jackson-datatype-jsr310-2.9.6.jar;E:\maven_4110\com\fasterxml\jackson\module\jackson-module-parameter-names\2.9.6\jackson-module-parameter-names-2.9.6.jar;E:\maven_4110\org\springframework\boot\spring-boot-starter-tomcat\2.0.3.RELEASE\spring-boot-starter-tomcat-2.0.3.RELEASE.jar;E:\maven_4110\org\apache\tomcat\embed\tomcat-embed-core\8.5.31\tomcat-embed-core-8.5.31.jar;E:\maven_4110\org\apache\tomcat\embed\tomcat-embed-websocket\8.5.31\tomcat-embed-websocket-8.5.31.jar;E:\maven_4110\org\hibernate\validator\hibernate-validator\6.0.10.Final\hibernate-validator-6.0.10.Final.jar;E:\maven_4110\javax\validation\validation-api\2.0.1.Final\validation-api-2.0.1.Final.jar;E:\maven_4110\org\jboss\logging\jboss-logging\3.3.2.Final\jboss-logging-3.3.2.Final.jar;E:\maven_4110\com\fasterxml\classmate\1.3.4\classmate-1.3.4.jar;E:\maven_4110\org\springframework\spring-web\5.0.7.RELEASE\spring-web-5.0.7.RELEASE.jar;E:\maven_4110\org\springframework\spring-beans\5.0.7.RELEASE\spring-beans-5.0.7.RELEASE.jar;E:\maven_4110\org\springframework\spring-webmvc\5.0.7.RELEASE\spring-webmvc-5.0.7.RELEASE.jar;E:\maven_4110\org\springframework\spring-aop\5.0.7.RELEASE\spring-aop-5.0.7.RELEASE.jar;E:\maven_4110\org\springframework\spring-expression\5.0.7.RELEASE\spring-expression-5.0.7.RELEASE.jar;E:\maven_4110\org\springframework\boot\spring-boot-starter-test\2.0.3.RELEASE\spring-boot-starter-test-2.0.3.RELEASE.jar;E:\maven_4110\org\springframework\boot\spring-boot-test\2.0.3.RELEASE\spring-boot-test-2.0.3.RELEASE.jar;E:\maven_4110\org\springframework\boot\spring-boot-test-autoconfigure\2.0.3.RELEASE\spring-boot-test-autoconfigure-2.0.3.RELEASE.jar;E:\maven_4110\com\jayway\jsonpath\json-path\2.4.0\json-path-2.4.0.jar;E:\maven_4110\net\minidev\json-smart\2.3\json-smart-2.3.jar;E:\maven_4110\net\minidev\accessors-smart\1.2\accessors-smart-1.2.jar;E:\maven_4110\org\ow2\asm\asm\5.0.4\asm-5.0.4.jar;E:\maven_4110\junit\junit\4.12\junit-4.12.jar;E:\maven_4110\org\assertj\assertj-core\3.9.1\assertj-core-3.9.1.jar;E:\maven_4110\org\mockito\mockito-core\2.15.0\mockito-core-2.15.0.jar;E:\maven_4110\net\bytebuddy\byte-buddy\1.7.11\byte-buddy-1.7.11.jar;E:\maven_4110\net\bytebuddy\byte-buddy-agent\1.7.11\byte-buddy-agent-1.7.11.jar;E:\maven_4110\org\objenesis\objenesis\2.6\objenesis-2.6.jar;E:\maven_4110\org\hamcrest\hamcrest-core\1.3\hamcrest-core-1.3.jar;E:\maven_4110\org\hamcrest\hamcrest-library\1.3\hamcrest-library-1.3.jar;E:\maven_4110\org\skyscreamer\jsonassert\1.5.0\jsonassert-1.5.0.jar;E:\maven_4110\com\vaadin\external\google\android-json\0.0.20131108.vaadin1\android-json-0.0.20131108.vaadin1.jar;E:\maven_4110\org\springframework\spring-core\5.0.7.RELEASE\spring-core-5.0.7.RELEASE.jar;E:\maven_4110\org\springframework\spring-jcl\5.0.7.RELEASE\spring-jcl-5.0.7.RELEASE.jar;E:\maven_4110\org\springframework\spring-test\5.0.7.RELEASE\spring-test-5.0.7.RELEASE.jar;E:\maven_4110\org\xmlunit\xmlunit-core\2.5.1\xmlunit-core-2.5.1.jar;E:\maven_4110\org\springframework\boot\spring-boot-configuration-processor\2.0.3.RELEASE\spring-boot-configuration-processor-2.0.3.RELEASE.jar;E:\maven_4110\org\springframework\boot\spring-boot-starter-validation\2.0.3.RELEASE\spring-boot-starter-validation-2.0.3.RELEASE.jar;E:\maven_4110\org\apache\tomcat\embed\tomcat-embed-el\8.5.31\tomcat-embed-el-8.5.31.jar;E:\maven_4110\mysql\mysql-connector-java\5.1.46\mysql-connector-java-5.1.46.jar;E:\maven_4110\org\springframework\boot\spring-boot-starter-cache\2.0.3.RELEASE\spring-boot-starter-cache-2.0.3.RELEASE.jar;E:\maven_4110\org\springframework\spring-context\5.0.7.RELEASE\spring-context-5.0.7.RELEASE.jar;E:\maven_4110\org\springframework\spring-context-support\5.0.7.RELEASE\spring-context-support-5.0.7.RELEASE.jar;E:\maven_4110\org\springframework\boot\spring-boot-starter-data-redis\2.0.3.RELEASE\spring-boot-starter-data-redis-2.0.3.RELEASE.jar;E:\maven_4110\org\springframework\data\spring-data-redis\2.0.8.RELEASE\spring-data-redis-2.0.8.RELEASE.jar;E:\maven_4110\org\springframework\data\spring-data-keyvalue\2.0.8.RELEASE\spring-data-keyvalue-2.0.8.RELEASE.jar;E:\maven_4110\org\springframework\data\spring-data-commons\2.0.8.RELEASE\spring-data-commons-2.0.8.RELEASE.jar;E:\maven_4110\org\springframework\spring-tx\5.0.7.RELEASE\spring-tx-5.0.7.RELEASE.jar;E:\maven_4110\org\springframework\spring-oxm\5.0.7.RELEASE\spring-oxm-5.0.7.RELEASE.jar;E:\maven_4110\io\lettuce\lettuce-core\5.0.4.RELEASE\lettuce-core-5.0.4.RELEASE.jar;E:\maven_4110\io\projectreactor\reactor-core\3.1.8.RELEASE\reactor-core-3.1.8.RELEASE.jar;E:\maven_4110\org\reactivestreams\reactive-streams\1.0.2\reactive-streams-1.0.2.jar;E:\maven_4110\io\netty\netty-common\4.1.25.Final\netty-common-4.1.25.Final.jar;E:\maven_4110\io\netty\netty-transport\4.1.25.Final\netty-transport-4.1.25.Final.jar;E:\maven_4110\io\netty\netty-buffer\4.1.25.Final\netty-buffer-4.1.25.Final.jar;E:\maven_4110\io\netty\netty-resolver\4.1.25.Final\netty-resolver-4.1.25.Final.jar;E:\maven_4110\io\netty\netty-handler\4.1.25.Final\netty-handler-4.1.25.Final.jar;E:\maven_4110\io\netty\netty-codec\4.1.25.Final\netty-codec-4.1.25.Final.jar;E:\maven_4110\org\apache\commons\commons-pool2\2.5.0\commons-pool2-2.5.0.jar;E:\maven_4110\org\mybatis\spring\boot\mybatis-spring-boot-starter\1.3.2\mybatis-spring-boot-starter-1.3.2.jar;E:\maven_4110\org\springframework\boot\spring-boot-starter-jdbc\2.0.3.RELEASE\spring-boot-starter-jdbc-2.0.3.RELEASE.jar;E:\maven_4110\com\zaxxer\HikariCP\2.7.9\HikariCP-2.7.9.jar;E:\maven_4110\org\springframework\spring-jdbc\5.0.7.RELEASE\spring-jdbc-5.0.7.RELEASE.jar;E:\maven_4110\org\mybatis\spring\boot\mybatis-spring-boot-autoconfigure\1.3.2\mybatis-spring-boot-autoconfigure-1.3.2.jar;E:\maven_4110\com\alibaba\druid-spring-boot-starter\1.1.10\druid-spring-boot-starter-1.1.10.jar;E:\maven_4110\org\springframework\boot\spring-boot-autoconfigure\2.0.3.RELEASE\spring-boot-autoconfigure-2.0.3.RELEASE.jar;E:\maven_4110\com\github\pagehelper\pagehelper-spring-boot-starter\1.2.5\pagehelper-spring-boot-starter-1.2.5.jar;E:\maven_4110\com\github\pagehelper\pagehelper-spring-boot-autoconfigure\1.2.5\pagehelper-spring-boot-autoconfigure-1.2.5.jar;E:\maven_4110\com\gitee\reger\spring-boot-starter-dubbo\1.1.1\spring-boot-starter-dubbo-1.1.1.jar;E:\maven_4110\org\slf4j\log4j-over-slf4j\1.7.25\log4j-over-slf4j-1.7.25.jar;E:\maven_4110\org\springframework\boot\spring-boot-starter-logging\2.0.3.RELEASE\spring-boot-starter-logging-2.0.3.RELEASE.jar;E:\maven_4110\ch\qos\logback\logback-classic\1.2.3\logback-classic-1.2.3.jar;E:\maven_4110\ch\qos\logback\logback-core\1.2.3\logback-core-1.2.3.jar;E:\maven_4110\org\apache\logging\log4j\log4j-to-slf4j\2.10.0\log4j-to-slf4j-2.10.0.jar;E:\maven_4110\com\101tec\zkclient\0.5\zkclient-0.5.jar;E:\maven_4110\org\apache\zookeeper\zookeeper\3.4.3\zookeeper-3.4.3.jar;E:\maven_4110\jline\jline\0.9.94\jline-0.9.94.jar;E:\maven_4110\com\alibaba\dubbo\2.5.10\dubbo-2.5.10.jar;E:\maven_4110\org\javassist\javassist\3.20.0-GA\javassist-3.20.0-GA.jar;E:\maven_4110\org\jboss\netty\netty\3.2.5.Final\netty-3.2.5.Final.jar;E:\maven_4110\org\springframework\boot\spring-boot-starter-log4j2\2.0.3.RELEASE\spring-boot-starter-log4j2-2.0.3.RELEASE.jar;E:\maven_4110\org\apache\logging\log4j\log4j-core\2.10.0\log4j-core-2.10.0.jar;E:\maven_4110\org\apache\logging\log4j\log4j-api\2.10.0\log4j-api-2.10.0.jar;E:\maven_4110\org\apache\logging\log4j\log4j-jul\2.10.0\log4j-jul-2.10.0.jar;E:\maven_4110\org\slf4j\jul-to-slf4j\1.7.25\jul-to-slf4j-1.7.25.jar;E:\maven_4110\com\fasterxml\jackson\dataformat\jackson-dataformat-yaml\2.9.6\jackson-dataformat-yaml-2.9.6.jar;E:\maven_4110\org\yaml\snakeyaml\1.19\snakeyaml-1.19.jar;E:\maven_4110\com\fasterxml\jackson\core\jackson-core\2.9.6\jackson-core-2.9.6.jar;"/>
    <property name="sun.cpu.endian" value="little"/>
    <property name="user.home" value="C:\Users\Administrator"/>
    <property name="user.language" value="zh"/>
    <property name="java.specification.vendor" value="Oracle Corporation"/>
    <property name="java.home" value="F:\Program Files\Java\jdk1.8.0_161\jre"/>
    <property name="basedir" value="E:\springboot\rmlb-emall-sbt-parent\rmlb-emall-sbt-manager\rmlb-emall-sbt-service"/>
    <property name="file.separator" value="\"/>
    <property name="line.separator" value="&#10;"/>
    <property name="java.vm.specification.vendor" value="Oracle Corporation"/>
    <property name="java.specification.name" value="Java Platform API Specification"/>
    <property name="java.awt.graphicsenv" value="sun.awt.Win32GraphicsEnvironment"/>
    <property name="surefire.real.class.path" value="C:\Users\ADMINI~1\AppData\Local\Temp\surefire1291282583231692414\surefirebooter3508340288702369608.jar"/>
    <property name="sun.boot.class.path" value="F:\Program Files\Java\jdk1.8.0_161\jre\lib\resources.jar;F:\Program Files\Java\jdk1.8.0_161\jre\lib\rt.jar;F:\Program Files\Java\jdk1.8.0_161\jre\lib\sunrsasign.jar;F:\Program Files\Java\jdk1.8.0_161\jre\lib\jsse.jar;F:\Program Files\Java\jdk1.8.0_161\jre\lib\jce.jar;F:\Program Files\Java\jdk1.8.0_161\jre\lib\charsets.jar;F:\Program Files\Java\jdk1.8.0_161\jre\lib\jfr.jar;F:\Program Files\Java\jdk1.8.0_161\jre\classes"/>
    <property name="user.script" value=""/>
    <property name="sun.management.compiler" value="HotSpot 64-Bit Tiered Compilers"/>
    <property name="java.runtime.version" value="1.8.0_161-b12"/>
    <property name="user.name" value="Administrator"/>
    <property name="path.separator" value=";"/>
    <property name="os.version" value="10.0"/>
    <property name="java.endorsed.dirs" value="F:\Program Files\Java\jdk1.8.0_161\jre\lib\endorsed"/>
    <property name="java.runtime.name" value="Java(TM) SE Runtime Environment"/>
    <property name="file.encoding" value="GBK"/>
    <property name="java.vm.name" value="Java HotSpot(TM) 64-Bit Server VM"/>
    <property name="localRepository" value="E:\maven_4110"/>
    <property name="java.vendor.url.bug" value="http://bugreport.sun.com/bugreport/"/>
    <property name="java.io.tmpdir" value="C:\Users\ADMINI~1\AppData\Local\Temp\"/>
    <property name="java.version" value="1.8.0_161"/>
    <property name="user.dir" value="E:\springboot\rmlb-emall-sbt-parent\rmlb-emall-sbt-manager\rmlb-emall-sbt-service"/>
    <property name="os.arch" value="amd64"/>
    <property name="java.vm.specification.name" value="Java Virtual Machine Specification"/>
    <property name="java.awt.printerjob" value="sun.awt.windows.WPrinterJob"/>
    <property name="sun.os.patch.level" value=""/>
    <property name="java.library.path" value="F:\Program Files\Java\jdk1.8.0_161\jre\bin;C:\WINDOWS\Sun\Java\bin;C:\WINDOWS\system32;C:\WINDOWS;F:/Program Files/Java/jdk1.8.0_161/bin/../jre/bin/server;F:/Program Files/Java/jdk1.8.0_161/bin/../jre/bin;F:/Program Files/Java/jdk1.8.0_161/bin/../jre/lib/amd64;C:\WINDOWS\system32;C:\WINDOWS;C:\WINDOWS\System32\Wbem;C:\WINDOWS\System32\WindowsPowerShell\v1.0\;F:\Program Files\Java\jdk1.8.0_161\bin;C:\Program Files\MySQL\MySQL Utilities 1.6\;F:\Program Files\apache-maven-3.5.3-bin\apache-maven-3.5.3\bin;C:\WINDOWS\System32\OpenSSH\;F:\SVN\VisualSVN Server\bin;F:\Program Files\TortoiseSVN\bin;E:\Program Files\Git\cmd;C:\Users\Administrator\AppData\Local\Microsoft\WindowsApps;;C:\Users\Administrator\Desktop;;."/>
    <property name="java.vm.info" value="mixed mode"/>
    <property name="java.vendor" value="Oracle Corporation"/>
    <property name="java.vm.version" value="25.161-b12"/>
    <property name="java.ext.dirs" value="F:\Program Files\Java\jdk1.8.0_161\jre\lib\ext;C:\WINDOWS\Sun\Java\lib\ext"/>
    <property name="sun.io.unicode.encoding" value="UnicodeLittle"/>
    <property name="java.class.version" value="52.0"/>
  </properties>
  <testcase name="redisTest" classname="com.zhiyou100.rmlb.TestRedis" time="0">
    <error type="java.lang.NullPointerException">java.lang.NullPointerException
	at com.zhiyou100.rmlb.TestRedis.redisTest(TestRedis.java:26)
</error>
  </testcase>
</testsuite>